<?xml version="1.0" encoding="UTF-8"?>
<!-- Generated by org.testng.reporters.JUnitXMLReporter -->
<testsuite ignored="2" hostname="DESKTOP-U8HQR51" failures="0" tests="1" name="Default test" time="27.391" errors="0" timestamp="2023-12-14T12:18:14 IST">
  <testcase classname="E2E.SmokeTesting_1_10" name="TestScript03" time="12.362"/>
  <testcase classname="E2E.SmokeTesting_1_10" name="TestScript01" time="0.0">
    <ignored/>
  </testcase> <!-- TestScript01 -->
  <testcase classname="E2E.SmokeTesting_1_10" name="TestScript02" time="0.0">
    <ignored/>
  </testcase> <!-- TestScript02 -->
</testsuite> <!-- Default test -->
