<?xml version="1.0" encoding="UTF-8"?>
<!-- Generated by org.testng.reporters.JUnitXMLReporter -->
<testsuite ignored="0" hostname="DESKTOP-U8HQR51" failures="0" tests="3" name="Test" time="97.926" errors="0" timestamp="2023-12-14T12:36:35 IST">
  <testcase classname="E2E.SmokeTesting_1_10" name="TestScript01" time="31.437"/>
  <testcase classname="E2E.SmokeTesting_1_10" name="TestScript02" time="11.45"/>
  <testcase classname="E2E.SmokeTesting_1_10" name="TestScript03" time="11.596"/>
</testsuite> <!-- Test -->
