<?xml version="1.0" encoding="UTF-8"?>
<testng-results ignored="0" total="3" passed="3" failed="0" skipped="0">
  <reporter-output>
  </reporter-output>
  <suite started-at="2023-12-14T12:34:57 IST" name="Suite" finished-at="2023-12-14T12:36:35 IST" duration-ms="97926">
    <groups>
    </groups>
    <test started-at="2023-12-14T12:34:57 IST" name="Test" finished-at="2023-12-14T12:36:35 IST" duration-ms="97926">
      <class name="E2E.SmokeTesting_1_10">
        <test-method is-config="true" signature="login3ECO()[pri:0, instance:E2E.SmokeTesting_1_10@39a2bb97]" started-at="2023-12-14T12:34:57 IST" name="login3ECO" finished-at="2023-12-14T12:35:12 IST" duration-ms="14828" status="PASS">
          <reporter-output>
          </reporter-output>
        </test-method> <!-- login3ECO -->
        <test-method is-config="true" signature="pageObjects()[pri:0, instance:E2E.SmokeTesting_1_10@39a2bb97]" started-at="2023-12-14T12:35:12 IST" name="pageObjects" finished-at="2023-12-14T12:35:12 IST" duration-ms="6" status="PASS">
          <reporter-output>
          </reporter-output>
        </test-method> <!-- pageObjects -->
        <test-method signature="TestScript01()[pri:1, instance:E2E.SmokeTesting_1_10@39a2bb97]" started-at="2023-12-14T12:35:12 IST" name="TestScript01" description="Validate User&#039;s Presence on Home Page and &quot;New Chat&quot; button Displayed on Hover" finished-at="2023-12-14T12:35:44 IST" duration-ms="31437" status="PASS">
          <reporter-output>
          </reporter-output>
        </test-method> <!-- TestScript01 -->
        <test-method is-config="true" signature="tearDown()[pri:0, instance:E2E.SmokeTesting_1_10@39a2bb97]" started-at="2023-12-14T12:35:44 IST" name="tearDown" finished-at="2023-12-14T12:35:45 IST" duration-ms="373" status="PASS">
          <reporter-output>
          </reporter-output>
        </test-method> <!-- tearDown -->
        <test-method is-config="true" signature="login3ECO()[pri:0, instance:E2E.SmokeTesting_1_10@39a2bb97]" started-at="2023-12-14T12:35:45 IST" name="login3ECO" finished-at="2023-12-14T12:35:58 IST" duration-ms="13191" status="PASS">
          <reporter-output>
          </reporter-output>
        </test-method> <!-- login3ECO -->
        <test-method is-config="true" signature="pageObjects()[pri:0, instance:E2E.SmokeTesting_1_10@39a2bb97]" started-at="2023-12-14T12:35:58 IST" name="pageObjects" finished-at="2023-12-14T12:35:58 IST" duration-ms="1" status="PASS">
          <reporter-output>
          </reporter-output>
        </test-method> <!-- pageObjects -->
        <test-method signature="TestScript02()[pri:2, instance:E2E.SmokeTesting_1_10@39a2bb97]" started-at="2023-12-14T12:35:58 IST" name="TestScript02" description="Verify Selection, Deletion, and Homepage Navigation for an Article from Dropdown List in History Page" finished-at="2023-12-14T12:36:09 IST" duration-ms="11450" status="PASS">
          <reporter-output>
          </reporter-output>
        </test-method> <!-- TestScript02 -->
        <test-method is-config="true" signature="tearDown()[pri:0, instance:E2E.SmokeTesting_1_10@39a2bb97]" started-at="2023-12-14T12:36:10 IST" name="tearDown" finished-at="2023-12-14T12:36:10 IST" duration-ms="309" status="PASS">
          <reporter-output>
          </reporter-output>
        </test-method> <!-- tearDown -->
        <test-method is-config="true" signature="login3ECO()[pri:0, instance:E2E.SmokeTesting_1_10@39a2bb97]" started-at="2023-12-14T12:36:10 IST" name="login3ECO" finished-at="2023-12-14T12:36:23 IST" duration-ms="12814" status="PASS">
          <reporter-output>
          </reporter-output>
        </test-method> <!-- login3ECO -->
        <test-method is-config="true" signature="pageObjects()[pri:0, instance:E2E.SmokeTesting_1_10@39a2bb97]" started-at="2023-12-14T12:36:23 IST" name="pageObjects" finished-at="2023-12-14T12:36:23 IST" duration-ms="1" status="PASS">
          <reporter-output>
          </reporter-output>
        </test-method> <!-- pageObjects -->
        <test-method signature="TestScript03()[pri:3, instance:E2E.SmokeTesting_1_10@39a2bb97]" started-at="2023-12-14T12:36:23 IST" name="TestScript03" description="Generate Report for Selected Article and Return to Home Page" finished-at="2023-12-14T12:36:35 IST" duration-ms="11596" status="PASS">
          <reporter-output>
          </reporter-output>
        </test-method> <!-- TestScript03 -->
        <test-method is-config="true" signature="tearDown()[pri:0, instance:E2E.SmokeTesting_1_10@39a2bb97]" started-at="2023-12-14T12:36:35 IST" name="tearDown" finished-at="2023-12-14T12:36:35 IST" duration-ms="315" status="PASS">
          <reporter-output>
          </reporter-output>
        </test-method> <!-- tearDown -->
      </class> <!-- E2E.SmokeTesting_1_10 -->
    </test> <!-- Test -->
  </suite> <!-- Suite -->
</testng-results>
